Arguments: 
  C:\Users\david\.nvm\versions\node\v18.13.0\bin\node.exe C:\Users\david\AppData\Roaming\npm\node_modules\yarn\bin\yarn.js add nativewind

PATH: 
  C:\Users\david\.nvm\versions\node\v18.13.0\bin;D:\Programs\Git\mingw64\bin;D:\Programs\Git\usr\bin;C:\Users\david\bin;C:\Program Files\Common Files\Oracle\Java\javapath;C:\Program Files\Microsoft MPI\Bin;C:\Windows\system32;C:\Windows;C:\Windows\System32\Wbem;C:\Windows\System32\WindowsPowerShell\v1.0;C:\Windows\System32\OpenSSH;C:\Program Files (x86)\NVIDIA Corporation\PhysX\Common;C:\Program Files\NVIDIA Corporation\NVIDIA NvDLISR;D:\Programs\Git\cmd;C:\WINDOWS\system32;C:\WINDOWS;C:\WINDOWS\System32\Wbem;C:\WINDOWS\System32\WindowsPowerShell\v1.0;C:\WINDOWS\System32\OpenSSH;D:\Programs\PHP;C:\Program Files\Docker\Docker\resources\bin;C:\Program Files (x86)\Microsoft SQL Server\150\DTS\Binn;C:\Program Files\Microsoft SQL Server\150\DTS\Binn;C:\Program Files\Microsoft SQL Server\Client SDK\ODBC\170\Tools\Binn;C:\Program Files (x86)\Microsoft SQL Server\150\Tools\Binn;C:\Program Files\Microsoft SQL Server\150\Tools\Binn;C:\Users\david\AppData\Local\Programs\Python\Python311;D:\Programs\Java\jdk-19\bin;C:\Program Files\Common Files\Oracle\Java\javapath;D:\Programs\nodejs;D:\Programs\CodeBlocks\MinGW\bin;C:\Users\david\AppData\Local\Android\Sdk\platform-tools;C:\Users\david\AppData\Local\Programs\Python\Python311\Scripts;C:\Users\david\AppData\Local\Programs\Python\Python311;C:\Users\david\AppData\Local\Microsoft\WindowsApps;D:\Git\bin;D:\Programs\Microsoft VS Code\bin;D:\Programs\CLion 2022.2.4\bin;C:\Program Files\Azure Data Studio\bin;D:\Programs\PyCharm Community Edition 2022.3.1\bin;C:\Users\david\AppData\Roaming\npm;D:\Programs\CodeBlocks\MinGW\bin;C:\Users\david\AppData\Local\ComposerSetup\bin;C:\Users\david\AppData\Roaming\Composer\vendor\bin

Yarn version: 
  1.22.19

Node version: 
  18.13.0

Platform: 
  win32 x64

Trace: 
  Error: https://registry.yarnpkg.com/@fortawesome/free-solid-svg-icons/-/free-solid-svg-icons-6.4.0.tgz: ESOCKETTIMEDOUT
      at ClientRequest.<anonymous> (C:\Users\david\AppData\Roaming\npm\node_modules\yarn\lib\cli.js:141517:19)
      at Object.onceWrapper (node:events:627:28)
      at ClientRequest.emit (node:events:513:28)
      at TLSSocket.emitRequestTimeout (node:_http_client:840:9)
      at Object.onceWrapper (node:events:627:28)
      at TLSSocket.emit (node:events:525:35)
      at Socket._onTimeout (node:net:568:8)
      at listOnTimeout (node:internal/timers:564:17)
      at process.processTimers (node:internal/timers:507:7)

npm manifest: 
  {
    "name": "frontend",
    "version": "1.1.0",
    "main": "node_modules/expo/AppEntry.js",
    "scripts": {
      "start": "expo start",
      "android": "expo start --android",
      "ios": "expo start --ios",
      "web": "expo start --web"
    },
    "dependencies": {
      "@fortawesome/free-brands-svg-icons": "^6.4.0",
      "@fortawesome/free-regular-svg-icons": "^6.4.0",
      "@fortawesome/free-solid-svg-icons": "^6.4.0",
      "@fortawesome/react-native-fontawesome": "^0.3.0",
      "@react-native-async-storage/async-storage": "1.17.11",
      "@react-native-community/netinfo": "9.3.7",
      "@react-navigation/bottom-tabs": "^6.4.0",
      "@react-navigation/native": "^6.0.13",
      "@react-navigation/native-stack": "^6.9.0",
      "@reduxjs/toolkit": "^1.8.5",
      "expo": "^48.0.0",
      "expo-camera": "~13.2.1",
      "expo-device": "~5.2.1",
      "expo-image-picker": "~14.1.1",
      "expo-localization": "~14.1.1",
      "expo-status-bar": "~1.4.4",
      "expo-updates": "~0.16.4",
      "i18n-js": "^4.1.1",
      "lottie-react-native": "5.1.4",
      "native-base": "^3.4.15",
      "nativewind": "^2.0.11",
      "react": "18.2.0",
      "react-dom": "18.2.0",
      "react-native": "0.71.6",
      "react-native-safe-area-context": "4.5.0",
      "react-native-screens": "~3.20.0",
      "react-native-svg": "13.4.0",
      "react-native-web": "~0.18.11",
      "react-redux": "^8.0.2",
      "redux-persist": "^6.0.0",
      "tailwindcss": "^3.3.2"
    },
    "devDependencies": {
      "@babel/core": "^7.20.0",
      "@react-native-community/eslint-config": "^3.2.0",
      "@types/react": "~18.0.27",
      "@types/react-native": "~0.69.1",
      "babel-plugin-module-resolver": "^4.1.0",
      "typescript": "^4.9.4"
    },
    "private": true
  }

yarn manifest: 
  No manifest

Lockfile: 
  No lockfile
